<?xml version="1.0" encoding="UTF-8"?>
<!-- Generated by org.testng.reporters.JUnitReportReporter -->
<testsuite hostname="MT-31196501H" failures="0" tests="2" name="com.art.runner.CucumberRunner" time="67.140" errors="1" timestamp="2022-06-21T16:08:06 IST" skipped="0">
  <testcase classname="com.art.runner.CucumberRunner" name="runScenario" time="66.674"/>
  <testcase classname="com.art.runner.CucumberRunner" name="runScenario" time="0.466">
    <error type="java.lang.NullPointerException">
      <![CDATA[java.lang.NullPointerException
at java.base/java.io.File.<init>(File.java:278)
at com.art.utility.TakeSS.getScreenShot(TakeSS.java:32)
at com.art.stepdefinitions.Hooks.afterRunScenario(Hooks.java:24)
]]>
    </error>
  </testcase> <!-- runScenario -->
</testsuite> <!-- com.art.runner.CucumberRunner -->
